<?xml version="1.0" encoding="UTF-8"?>
<!-- Generated by org.testng.reporters.JUnitReportReporter -->
<testsuite hostname="ADMIN-PC" failures="0" tests="4" name="com.testCases.TC_03_Login_DataDrivenTest" time="106.173" errors="0" timestamp="2025-01-14T11:58:51 IST" skipped="0">
  <testcase classname="com.testCases.TC_03_Login_DataDrivenTest" name="login_DDT" time="33.766"/>
  <testcase classname="com.testCases.TC_03_Login_DataDrivenTest" name="login_DDT" time="33.822"/>
  <testcase classname="com.testCases.TC_03_Login_DataDrivenTest" name="login_DDT" time="33.805"/>
  <testcase classname="com.testCases.TC_03_Login_DataDrivenTest" name="login_DDT" time="4.780"/>
</testsuite> <!-- com.testCases.TC_03_Login_DataDrivenTest -->
