<?xml version="1.0" encoding="UTF-8"?>
<!-- Generated by org.testng.reporters.JUnitReportReporter -->
<testsuite hostname="ADMIN-PC" failures="0" tests="1" name="com.testCases.TC_02_Login" time="7.580" errors="0" timestamp="2025-01-18T15:36:05 IST" skipped="0">
  <testcase classname="com.testCases.TC_02_Login" name="login" time="7.580"/>
</testsuite> <!-- com.testCases.TC_02_Login -->
