<?xml version="1.0" encoding="UTF-8"?>
<!-- Generated by org.testng.reporters.JUnitReportReporter -->
<testsuite hostname="ADMIN-PC" failures="0" tests="1" name="com.testCases.TC_01_AccountRegister" time="8.327" errors="0" timestamp="2025-01-11T20:07:46 IST" skipped="0">
  <testcase classname="com.testCases.TC_01_AccountRegister" name="Register" time="8.327"/>
</testsuite> <!-- com.testCases.TC_01_AccountRegister -->
