<?xml version="1.0" encoding="UTF-8"?>
<!-- Generated by org.testng.reporters.JUnitReportReporter -->
<testsuite hostname="ADMIN-PC" failures="0" tests="1" name="com.testCases.TC_01_AccountRegistration" time="19.288" errors="0" timestamp="2025-01-18T15:50:54 IST" skipped="0">
  <testcase classname="com.testCases.TC_01_AccountRegistration" name="Register" time="19.288"/>
</testsuite> <!-- com.testCases.TC_01_AccountRegistration -->
